2016-12-08 15:14:03,673 [Worker-8] INFO  o.e.m.c.i.p.ProjectConfigurationManager - Collecting project info '/pom.xml' D:\vishnu\ShoppingCart\pom.xml
2016-12-08 15:14:08,515 [Worker-8] INFO  o.e.m.c.i.l.LifecycleMappingFactory - Using org.eclipse.m2e.jdt.JarLifecycleMapping lifecycle mapping for MavenProject: com.niit:ShoppingCart:0.0.1-SNAPSHOT @ D:\vishnu\ShoppingCart\pom.xml.
2016-12-08 15:14:10,609 [Worker-8] INFO  o.e.m.j.i.AbstractJavaProjectConfigurator - Adding source folder /ShoppingCart/src/main/java
2016-12-08 15:14:10,621 [Worker-8] INFO  o.e.m.j.i.AbstractJavaProjectConfigurator - Adding source folder /ShoppingCart/src/test/java
2016-12-08 15:14:12,971 [Worker-8] INFO  o.e.m.c.i.p.ProjectConfigurationManager - Imported and configured 1 project(s) in 9 sec
2016-12-08 15:14:13,821 [Worker-10] INFO  o.e.m.c.i.embedder.EclipseLogger - Using 'UTF-8' encoding to copy filtered resources.
2016-12-08 15:14:13,822 [Worker-10] INFO  o.e.m.c.i.embedder.EclipseLogger - skip non existing resourceDirectory D:\vishnu\ShoppingCart\src\main\resources
2016-12-08 15:14:13,829 [Worker-10] INFO  o.e.m.c.i.embedder.EclipseLogger - Using 'UTF-8' encoding to copy filtered resources.
2016-12-08 15:14:13,829 [Worker-10] INFO  o.e.m.c.i.embedder.EclipseLogger - skip non existing resourceDirectory D:\vishnu\ShoppingCart\src\test\resources
2016-12-08 15:14:55,075 [Worker-15] INFO  o.e.m.c.i.p.ProjectConfigurationManager - Collecting project info '/pom.xml' D:\vishnu\ShoppingFrontEnd\pom.xml
2016-12-08 15:14:55,320 [Worker-15] INFO  o.e.m.c.i.l.LifecycleMappingFactory - Using org.maven.ide.eclipse.wtp.WarLifecycleMapping lifecycle mapping for MavenProject: com.niit:ShoppingFrontEnd:0.0.1-SNAPSHOT @ D:\vishnu\ShoppingFrontEnd\pom.xml.
2016-12-08 15:14:56,349 [Worker-15] INFO  o.e.m.j.i.AbstractJavaProjectConfigurator - Adding source folder /ShoppingFrontEnd/src/main/java
2016-12-08 15:14:56,351 [Worker-15] INFO  o.e.m.j.i.AbstractJavaProjectConfigurator - Adding resource folder /ShoppingFrontEnd/src/main/resources
2016-12-08 15:14:56,352 [Worker-15] INFO  o.e.m.j.i.AbstractJavaProjectConfigurator - Adding source folder /ShoppingFrontEnd/src/test/java
2016-12-08 15:15:00,786 [Worker-15] INFO  o.e.m.c.i.p.ProjectConfigurationManager - Imported and configured 1 project(s) in 5 sec
2016-12-08 15:15:01,814 [Worker-11] WARN  o.e.m.c.i.embedder.EclipseLogger - Using platform encoding (Cp1252 actually) to copy filtered resources, i.e. build is platform dependent!
2016-12-08 15:15:01,854 [Worker-11] INFO  o.e.m.c.i.embedder.EclipseLogger - Copying 0 resource
2016-12-08 15:15:01,858 [Worker-11] WARN  o.e.m.c.i.embedder.EclipseLogger - Using platform encoding (Cp1252 actually) to copy filtered resources, i.e. build is platform dependent!
2016-12-08 15:15:01,862 [Worker-11] INFO  o.e.m.c.i.embedder.EclipseLogger - skip non existing resourceDirectory D:\vishnu\ShoppingFrontEnd\src\test\resources
2016-12-08 15:15:04,393 [Worker-0] WARN  o.e.m.c.i.embedder.EclipseLogger - Using platform encoding (Cp1252 actually) to copy filtered resources, i.e. build is platform dependent!
2016-12-08 15:15:04,421 [Worker-0] INFO  o.e.m.c.i.embedder.EclipseLogger - Copying 0 resource
2016-12-08 15:15:04,427 [Worker-0] WARN  o.e.m.c.i.embedder.EclipseLogger - Using platform encoding (Cp1252 actually) to copy filtered resources, i.e. build is platform dependent!
2016-12-08 15:15:04,431 [Worker-0] INFO  o.e.m.c.i.embedder.EclipseLogger - skip non existing resourceDirectory D:\vishnu\ShoppingFrontEnd\src\test\resources
